35%  get_or_create_view
  <- 56%   < _editor.lua:0
  <- 44%  view.lua:234
10%  configs.lua:132
  <- 61%  nvim_buf_set_option < tag < _open_win < show < nui.lua:281 < xpcall < try < display < router.lua:155
  <- 35%  nvim_buf_set_option < set_buf_options < render < nui.lua:281 < xpcall < try < display < router.lua:155 < xpcall
  <-  2%  nvim_buf_set_option < set_buf_options < mount < mount < nui.lua:281 < xpcall < try < display < router.lua:155
  <-  2%  nvim_buf_set_option < tag < tag < nui.lua:281 < xpcall < try < display < router.lua:155 < xpcall
 7%  semantic_tokens.lua:780
  <- 38%  @0x0103245d18 < pcall < redraw < redraw < check_redraw < router.lua:155 < xpcall < try < init.lua:74
  <-  5%  nvim_exec2 < cmd < misc.lua:229
  <-  4%  nvim_exec2 < cmd < get_range_number < add_highlight < [string]:0
  <-  2%  @0x010325541c < pcall < nvim_command < _open_window < mount < mount < mount < nui.lua:281 < xpcall
  <-  2%  nvim_exec2 < cmd < redraw <  <  < _editor.lua:0
  <-  1%  @0x010325541c < pcall < nvim_command < _relayout < update_layout < update_layout < nui.lua:281 < xpcall < try
  <-  1%  redrawstatus < hacks.lua:260
  <-  1%  nvim_exec2 < cmd < add_highlight < [string]:0
 5%  colorizer.lua:560
  <- 65%  nvim_buf_set_option < tag < _open_win < show < nui.lua:281 < xpcall < try < display < router.lua:155
  <- 31%  nvim_buf_set_option < set_buf_options < render < nui.lua:281 < xpcall < try < display < router.lua:155 < xpcall
  <-  2%  nvim_buf_set_option < tag < tag < nui.lua:281 < xpcall < try < display < router.lua:155 < xpcall
  <-  2%  nvim_buf_set_option < set_buf_options < mount < mount < nui.lua:281 < xpcall < try < display < router.lua:155
 4%  decorator.lua:65
  <- 99%  nvim_exec2 < cmd < get_range_number < add_highlight < [string]:0
 3%  iter
  <- 50%  fn < for_each_tree < for_each_tree < on_line_impl < highlighter.lua:292
  <- 37%  fn < for_each_tree < on_line_impl < highlighter.lua:292
  <-  5%  fn < for_each_tree < on_line_impl < highlighter.lua:292 < nvim_exec2 < cmd < get_range_number < add_highlight < [string]:0
  <-  3%  fn < for_each_tree < on_line_impl < highlighter.lua:292 < @0x0103245d18 < pcall < redraw < redraw < check_redraw
  <-  2%  fn < for_each_tree < on_line_impl < highlighter.lua:292 < nvim_exec2 < cmd < redraw <  < 
  <-  1%  fn < for_each_tree < on_line_impl < highlighter.lua:292 < @0x010325541c < pcall < nvim_command < _open_window < mount
  <-  1%  fn < for_each_tree < on_line_impl < highlighter.lua:292 < @0x010325541c < pcall < nvim_command < _relayout < update_layout
  <-  1%  fn < for_each_tree < on_line_impl < highlighter.lua:292 < nvim_exec2 < cmd < misc.lua:229
 2%  
  <- 46%  validate < shared.lua:0 < is < get < _get < has < text < render < init.lua:24
  <-  5%  _editor.lua:0
  <-  3%   < validate < get_valid_buffers < get_components < bufferline.lua:81
  <-  3%   < deepcopy < normalize < update_options < check_options < display < router.lua:155 < xpcall < try
  <-  3%   <  < __index < get_or_create_view < view.lua:234
  <-  3%   <  <  < deepcopy < add < add_all_diags < get < get_diagnostics_count < check_lsp
  <-  3%  shared.lua:0 < tbl_flatten < to_tabline_str < join < tabline < bufferline.lua:81
  <-  2%   < deepcopy < add < add_all_diags < get < update < handlers.lua:115
  <-  2%  validate < filter_invalid < ui.lua:485 < get_components < bufferline.lua:81
  <-  2%   <  < deepcopy < normalize < get_layout < get_layout < update_options < check_options < display
  <-  2%   < deepcopy < add < add_all_diags < get < get_diagnostics_count < check_lsp < text < render
  <-  2%   < validate < defer_fn <  <  < _editor.lua:0
  <-  2%   <  < __index < get_or_create_view <  < _editor.lua:0
  <-  2%   < deepcopy < set < init < init < virtual_text < format < update < handler
  <-  2%  validate < gsplit < split < get_buf_lang < is_enabled < [string]:0 < nvim_buf_set_option < tag < _open_win
  <-  2%   <  < deepcopy < add < add_all_diags < get < update < handlers.lua:115
  <-  2%  __index < win_set_option < open < open < open < core.lua:309
  <-  2%  shared.lua:0 < tbl_flatten < to_tabline_str < join < tabline < bufferline.lua:81 < nvim_exec2 < cmd < get_range_number
  <-  2%   <  <  <  <  < deepcopy < add < add_all_diags < get
  <-  2%   < validate < tbl_contains < is_valid_win < highlight_win < [string]:0
  <-  2%   <  <  <  <  <  < deepcopy < add < add_all_diags
  <-  2%  validate < gsplit < split < get_lang < get_buf_lang < attach_module < reattach_module < configs.lua:132 < nvim_buf_set_option
  <-  2%  tbl_deep_extend < update_options < check_options < display < router.lua:155 < xpcall < try < init.lua:74 < nvim_exec2
  <-  2%   < validate < is_slant < component < truncate < tabline < bufferline.lua:81
  <-  2%  deepcopy < get_cmdline_position < get_cursor < new < empty < reset < reset < callback < emit
  <-  2%  __index < update_callargs < statuscol.lua:247 < @0x0103245d18 < pcall < redraw < redraw < check_redraw < router.lua:155
 2%  _editor.lua:0
  <-  4%  nvim_buf_set_option < tag < _open_win < show < nui.lua:281 < xpcall < try < display < router.lua:155
  <-  2%  nvim_buf_set_option < set_buf_options < render < nui.lua:281 < xpcall < try < display < router.lua:155 < xpcall
  <-  2%  nvim_exec2 < cmd < scroll_one_line <  < _editor.lua:0
 1%  git-conflict.lua:658
  <- 71%  @0x0103245d18 < pcall < redraw < redraw < check_redraw < router.lua:155 < xpcall < try < init.lua:74
  <- 18%  nvim_exec2 < cmd < misc.lua:229
  <-  9%  @0x010325541c < pcall < nvim_command < _relayout < update_layout < update_layout < nui.lua:281 < xpcall < try
  <-  2%  @0x010325541c < pcall < nvim_command < _open_window < mount < mount < mount < nui.lua:281 < xpcall
 1%  init.lua:74
  <-  2%  nvim_exec2 < cmd < misc.lua:229
  <-  2%  nvim_exec2 < cmd < get_range_number < add_highlight < [string]:0
 1%  __index
  <-  7%  get_or_create_view <  < _editor.lua:0
  <-  5%  spacing < ui.lua:485 < get_components < bufferline.lua:81 < nvim_exec2 < cmd < redraw <  < 
  <-  5%  to_tabline_str < join < tabline < bufferline.lua:81
  <-  5%  component < ui.lua:485 < get_components < bufferline.lua:81
  <-  2%  __index < git-conflict.lua:659
  <-  2%  __index < text < render < init.lua:24 < @0x0103245d18 < pcall < redraw < redraw < check_redraw
  <-  2%  basic.lua:203 < render < init.lua:24
  <-  2%  get_close_icon < add_suffix < ui.lua:485 < get_components < bufferline.lua:81
  <-  2%  tabline < bufferline.lua:81 < @0x0103245d18 < pcall < redraw < redraw < check_redraw < router.lua:155 < xpcall
  <-  2%  get_winheight < height_to_virtual < row_to_barpos < add_mark_to_bar < update < handlers.lua:115
  <-  2%  text < render < init.lua:24
  <-  2%  buffers.lua:78 < get_components < bufferline.lua:81 < @0x0103245d18 < pcall < redraw < redraw < check_redraw < router.lua:155
  <-  2%  render_scrollbar < render < view.lua:234
  <-  2%  git-conflict.lua:659
  <-  2%  init.lua:74
  <-  2%  get_component_size < get_group_marker < render < bufferline.lua:81 < nvim_exec2 < cmd < misc.lua:229
  <-  2%  can_open < f < treesitter-context.lua:21
  <-  2%  to_tabline_str < join < tabline < bufferline.lua:81 < @0x0103245d18 < pcall < redraw < redraw < check_redraw
  <-  2%  get_hunks < update < handlers.lua:115
  <-  2%  utils.lua:64
  <-  2%  on_win < semantic_tokens.lua:780 < nvim_exec2 < cmd < redraw <  <  < _editor.lua:0
  <-  2%  get_slot_range < slot_after_previous < fade_in_slide_out.lua:36 < _get_win_goals < _update_window < init.lua:30 < pcall < _run < 
  <-  2%  on_buf < on_remove < remove < hide <  <  < _editor.lua:0
  <-  2%  hl_group < for_element < ui.lua:485 < get_components < bufferline.lua:81
  <-  2%  __index < toggle_bufferline < bufferline.lua:252 < @0x010325541c < pcall < nvim_command < _open_window < mount < mount
  <-  2%  cat < redraw <  <  < _editor.lua:0
  <-  2%  ui.lua:485 < get_components < bufferline.lua:81
  <-  2%  update < handlers.lua:115
  <-  2%  enabled < handlers.lua:115
  <-  2%  get_max_length < get_name < ui.lua:485 < get_components < bufferline.lua:81
  <-  2%  on_win < semantic_tokens.lua:780
  <-  2%  decorator.lua:40
  <-  2%  get_group_marker < render < bufferline.lua:81
  <-  2%  update_callargs < statuscol.lua:247
  <-  2%  get_or_create_view < view.lua:234
  <-  2%  add_space < ui.lua:485 < get_components < bufferline.lua:81
  <-  2%  truncate < tabline < bufferline.lua:81 < nvim_exec2 < cmd < misc.lua:229
  <-  2%  get_name < ui.lua:485 < get_components < bufferline.lua:81
 1%  highlighter.lua:292
  <-  6%  @0x010325541c < pcall < nvim_command < _open_window < mount < mount < mount < nui.lua:281 < xpcall
  <-  3%  nvim_exec2 < cmd < misc.lua:229
  <-  3%  @0x0103245d18 < pcall < redraw < redraw < check_redraw < router.lua:155 < xpcall < try < init.lua:74
 1%  init.lua:130
  <- 48%  get_valid_buffers < get_components < bufferline.lua:81
  <- 27%  get_valid_buffers < get_components < bufferline.lua:81 < @0x0103245d18 < pcall < redraw < redraw < check_redraw < router.lua:155
  <-  9%  get_valid_buffers < get_components < bufferline.lua:81 < nvim_exec2 < cmd < get_range_number < add_highlight < [string]:0
  <-  9%  get_valid_buffers < get_components < bufferline.lua:81 < nvim_exec2 < cmd < misc.lua:229
  <-  3%  get_valid_buffers < get_components < bufferline.lua:81 < @0x010325541c < pcall < nvim_command < _relayout < update_layout < update_layout
  <-  3%  get_valid_buffers < get_components < bufferline.lua:81 < @0x010325541c < pcall < nvim_command < _open_window < mount < mount
 1%  fn
  <- 30%  for_each_tree < on_line_impl < highlighter.lua:292
  <- 13%  for_each_tree < on_line_impl < highlighter.lua:292 < @0x0103245d18 < pcall < redraw < redraw < check_redraw < router.lua:155
  <- 13%  fn < get < new < highlight < highlight < highlight < render < render < render
  <- 10%  fn < _memoize.lua:51 < pcall < get_context_query < get_context < treesitter-context.lua:92
  <-  7%  for_each_tree < on_line_impl < highlighter.lua:292 < nvim_exec2 < cmd < get_range_number < add_highlight < [string]:0
  <-  7%  fn < _memoize.lua:51 < pcall < get_context_query < get_context < f < treesitter-context.lua:21
  <-  7%  for_each_tree < for_each_tree < on_line_impl < highlighter.lua:292
  <-  7%  get_active_nodes < get_delim < [string]:0
  <-  3%  fn < ls < lsmod < reloader.lua:38
  <-  3%  for_each_tree < for_each_tree < on_line_impl < highlighter.lua:292 < @0x010325541c < pcall < nvim_command < _open_window < mount
 1%  render
  <- 62%  init.lua:24 < @0x0103245d18 < pcall < redraw < redraw < check_redraw < router.lua:155 < xpcall < try
  <- 24%  init.lua:24
  <-  7%  init.lua:24 < nvim_exec2 < cmd < redraw <  <  < _editor.lua:0
  <-  3%  init.lua:24 < nvim_exec2 < cmd < misc.lua:229
  <-  3%  init.lua:24 < nvim_exec2 < cmd < get_range_number < add_highlight < [string]:0
 1%  lower_bound
  <- 50%  on_win < semantic_tokens.lua:780
  <- 31%  on_win < semantic_tokens.lua:780 < @0x0103245d18 < pcall < redraw < redraw < check_redraw < router.lua:155 < xpcall
  <- 12%  on_win < semantic_tokens.lua:780 < nvim_exec2 < cmd < redraw <  <  < _editor.lua:0
  <-  4%  on_win < semantic_tokens.lua:780 < nvim_exec2 < cmd < misc.lua:229
  <-  4%  on_win < semantic_tokens.lua:780 < @0x010325541c < pcall < nvim_command < _open_window < mount < mount < mount
 1%  get_range
  <- 24%  fn < for_each_tree < on_line_impl < highlighter.lua:292
  <- 20%  get_node_text < handler < match_preds < iter < fn < for_each_tree < on_line_impl < highlighter.lua:292 < nvim_exec2
  <- 16%  get_node_text < handler < match_preds < iter < fn < for_each_tree < on_line_impl < highlighter.lua:292 < @0x0103245d18
  <- 16%  fn < for_each_tree < on_line_impl < highlighter.lua:292 < @0x0103245d18 < pcall < redraw < redraw < check_redraw
  <-  8%  get_node_text < handler < match_preds < iter < fn < for_each_tree < on_line_impl < highlighter.lua:292
  <-  4%  fn < for_each_tree < on_line_impl < highlighter.lua:292 < @0x010325541c < pcall < nvim_command < _open_window < mount
  <-  4%  fn < for_each_tree < for_each_tree < on_line_impl < highlighter.lua:292
  <-  4%  parse_cmd < get_range_number < add_highlight < [string]:0
  <-  4%  get_node_text < handler < match_preds < iter < fn < for_each_tree < on_line_impl < highlighter.lua:292 < @0x010325541c
 1%  get
  <- 25%  _get < has < text < render < init.lua:24
  <- 17%  format < update < handler < init.lua:178 < xpcall < safe_handle < init.lua:74 < nvim_exec2 < cmd
  <- 13%  decorator.lua:40
  <-  8%  _get < has < text < render < init.lua:24 < @0x0103245d18 < pcall < redraw < redraw
  <-  4%  tabline < bufferline.lua:81
  <-  4%  custom_entries_view.lua:57 < @0x0103245d18 < pcall < redraw < redraw < check_redraw < router.lua:155 < xpcall < try
  <-  4%  fade_in_slide_out.lua:36 < _get_win_goals < _update_window < init.lua:30 < pcall < _run <  <  < _editor.lua:0
  <-  4%  update_callargs < statuscol.lua:247 < redrawstatus < hacks.lua:260
  <-  4%  update_callargs < statuscol.lua:247
  <-  4%  bufferline.lua:81 < @0x0103245d18 < pcall < redraw < redraw < check_redraw < router.lua:155 < xpcall < try
  <-  4%  decorator.lua:65
  <-  4%  _get < has < text < render < init.lua:24 < nvim_exec2 < cmd < get_range_number < add_highlight
  <-  4%  get_line_diagnostics < code_action_request < signs.lua:70
 1%  shared.lua:0
  <- 36%  is < get < _get < has < text < render < init.lua:24
  <- 36%  is < get < _get < has < text < render < init.lua:24 < nvim_exec2 < cmd
  <-  9%  split < get_at_path < get_module < resolve_module < detach_module < reattach_module < configs.lua:132 < nvim_buf_set_option < tag
  <-  9%  is < get < _get < has < text < render < init.lua:24 < @0x0103245d18 < pcall
  <-  5%  tbl_flatten < to_tabline_str < join < tabline < bufferline.lua:81
  <-  5%  split < get < update_callargs < statuscol.lua:247 < nvim_exec2 < cmd < get_range_number < add_highlight < [string]:0
 1%  upper_bound
  <- 50%  on_win < semantic_tokens.lua:780
  <- 20%  on_win < semantic_tokens.lua:780 < @0x0103245d18 < pcall < redraw < redraw < check_redraw < router.lua:155 < xpcall
  <- 10%  on_win < semantic_tokens.lua:780 < nvim_exec2 < cmd < misc.lua:229
  <-  5%  on_win < semantic_tokens.lua:780 < @0x010325541c < pcall < nvim_command < _relayout < update_layout < update_layout < nui.lua:281
  <-  5%  on_win < semantic_tokens.lua:780 < @0x010325541c < pcall < nvim_command < _open_window < mount < mount < mount
  <-  5%  on_win < semantic_tokens.lua:780 < nvim_exec2 < cmd < redraw <  <  < _editor.lua:0
  <-  5%  on_win < semantic_tokens.lua:780 < nvim_exec2 < cmd < get_range_number < add_highlight < [string]:0
 1%  decorator.lua:74
  <- 100%  winCall < decorator.lua:65
 1%  callback
  <- 50%  apply_buffer_filter < get_components < bufferline.lua:81
  <- 11%  apply_buffer_filter < get_components < bufferline.lua:81 < @0x0103245d18 < pcall < redraw < redraw < check_redraw < router.lua:155
  <-  6%  apply_buffer_filter < get_components < bufferline.lua:81 < @0x010325541c < pcall < nvim_command < _open_window < mount < mount
  <-  6%  get_word < callback < get_offset <  < _editor.lua:0
  <-  6%  apply_buffer_filter < get_components < bufferline.lua:81 < @0x010325541c < pcall < nvim_command < _relayout < update_layout < update_layout
  <-  6%  get_filter_text < callback < match < get_entries < open < core.lua:309
  <-  6%  mark < get_components < bufferline.lua:81 < @0x0103245d18 < pcall < redraw < redraw < check_redraw < router.lua:155
  <-  6%  apply_buffer_filter < get_components < bufferline.lua:81 < nvim_exec2 < cmd < get_range_number < add_highlight < [string]:0
  <-  6%  apply_buffer_filter < get_components < bufferline.lua:81 < nvim_exec2 < cmd < misc.lua:229
 1%  handler
  <- 56%  match_preds < iter < fn < for_each_tree < on_line_impl < highlighter.lua:292
  <- 33%  match_preds < iter < fn < for_each_tree < on_line_impl < highlighter.lua:292 < @0x0103245d18 < pcall < redraw
  <- 11%  match_preds < iter < fn < for_each_tree < on_line_impl < highlighter.lua:292 < nvim_exec2 < cmd < misc.lua:229
 1%  init.lua:24
  <- 50%  @0x0103245d18 < pcall < redraw < redraw < check_redraw < router.lua:155 < xpcall < try < init.lua:74
  <-  6%  nvim_exec2 < cmd < redraw <  <  < _editor.lua:0
  <-  6%  @0x010325541c < pcall < nvim_command < _relayout < update_layout < update_layout < nui.lua:281 < xpcall < try
 1%  statuscol.lua:247
  <- 13%  @0x0103245d18 < pcall < redraw < redraw < check_redraw < router.lua:155 < xpcall < try < init.lua:74
  <-  6%  nvim_exec2 < cmd < redraw <  <  < _editor.lua:0
  <-  6%  @0x0103254ef0 < pcall < build_lno_str < render_lno < open < open < f < treesitter-context.lua:21
 0%  deep_equal
  <- 21%  deep_equal < deep_equal < deep_equal < handler < init.lua:178 < xpcall < safe_handle < init.lua:74 < nvim_exec2
  <- 14%  deep_equal < check_options < display < router.lua:155 < xpcall < try < init.lua:74 < nvim_exec2 < cmd
  <- 14%  handler < init.lua:178 < xpcall < safe_handle < init.lua:74
  <- 14%  deep_equal < deep_equal < deep_equal < handler < init.lua:178 < xpcall < safe_handle < init.lua:74
  <- 14%  check_options < display < router.lua:155 < xpcall < try < init.lua:74 < nvim_exec2 < cmd < get_range_number
  <-  7%  is_equal < skip < handler < init.lua:178 < xpcall < safe_handle < init.lua:74 < nvim_exec2 < cmd
  <-  7%  deep_equal < handler < init.lua:178 < xpcall < safe_handle < init.lua:74
  <-  7%  deep_equal < handler < init.lua:178 < xpcall < safe_handle < init.lua:74 < @0x0103245d18 < pcall < redraw
 0%  _open_win
  <- 100%  show < nui.lua:281 < xpcall < try < display < router.lua:155 < xpcall < try < init.lua:74
 0%  [string]:0
  <- 21%  nvim_exec2 < cmd < get_range_number < add_highlight < [string]:0
  <- 14%  nvim_buf_set_option < tag < _open_win < show < nui.lua:281 < xpcall < try < display < router.lua:155
  <-  7%  @0x01032448fc < pcall < hide < update < show < nui.lua:281 < xpcall < try < display
  <-  7%  @0x0103245d18 < pcall < redraw < redraw < check_redraw < router.lua:155 < xpcall < try < init.lua:74
 0%  is_valid
  <- 31%  parse < highlighter.lua:323 < @0x0103245d18 < pcall < redraw < redraw < check_redraw < router.lua:155 < xpcall
  <- 31%  parse < highlighter.lua:323
  <- 15%  parse < parse < highlighter.lua:323
  <-  8%  is_valid < parse < highlighter.lua:323 < @0x0103245d18 < pcall < redraw < redraw < check_redraw < router.lua:155
  <-  8%  is_valid < parse < highlighter.lua:323
  <-  8%  parse < highlighter.lua:323 < nvim_exec2 < cmd < add_highlight < [string]:0
 0%  deepcopy
  <- 45%  add < add_all_diags < get < get_diagnostics_count < check_lsp < text < render < init.lua:24
  <- 18%  add < add_all_diags < get < get_diagnostics_count < check_lsp < text < render < init.lua:24 < nvim_exec2
  <- 18%  add < add_all_diags < get < update < handlers.lua:115
  <-  9%  get_cmdline_position < get_screen_cursor < open < open < core.lua:309
  <-  9%  add < add_all_diags < get < get_diagnostics_count < check_lsp < text < render < init.lua:24 < @0x010325541c
 0%  is_in_table
  <- 18%  get_statusline < init.lua:110 < @0x0103245d18 < pcall < redraw < redraw < check_redraw < router.lua:155 < xpcall
  <- 18%  get_statusline < init.lua:110
  <- 18%  lsp_check < check_lsp < text < render < init.lua:24 < @0x0103245d18 < pcall < redraw < redraw
  <- 18%  get_statusline_ft < init.lua:110
  <-  9%  init.lua:110
  <-  9%  lsp_check < check_lsp < text < render < init.lua:24 < nvim_exec2 < cmd < redraw < 
  <-  9%  lsp_check < check_lsp < text < render < init.lua:24
 0%  init.lua:110
  <- 36%  @0x0103245d18 < pcall < redraw < redraw < check_redraw < router.lua:155 < xpcall < try < init.lua:74
  <-  9%  nvim_exec2 < cmd < misc.lua:229
 0%  match_preds
  <- 27%  iter < fn < for_each_tree < on_line_impl < highlighter.lua:292
  <- 27%  iter < fn < for_each_tree < on_line_impl < highlighter.lua:292 < @0x0103245d18 < pcall < redraw < redraw
  <- 18%  iter < fn < for_each_tree < on_line_impl < highlighter.lua:292 < nvim_exec2 < cmd < misc.lua:229
  <-  9%  (for generator) < fn < for_each_tree < highlight < highlight < highlight < render < render < render
  <-  9%  (for generator) < f < tcall < _add_injections < parse < highlight < highlight < highlight < render
  <-  9%  matches < (for generator) < collect_group_results < update_cached_matches < get_matches < get_skips < lang_skip < [string]:0
 0%  filter.lua:51
  <- 67%  is < get < _get < has < text < render < init.lua:24
  <- 22%  is < get < _get < has < text < render < init.lua:24 < @0x0103245d18 < pcall
  <- 11%  is < get < _get < has < text < render < init.lua:24 < nvim_exec2 < cmd
 0%  on_win
  <- 67%  semantic_tokens.lua:780
  <- 22%  semantic_tokens.lua:780 < @0x0103245d18 < pcall < redraw < redraw < check_redraw < router.lua:155 < xpcall < try
  <- 11%  semantic_tokens.lua:780 < nvim_exec2 < cmd < misc.lua:229
 0%  is_enabled
  <- 56%  [string]:0 < nvim_buf_set_option < tag < _open_win < show < nui.lua:281 < xpcall < try < display
  <- 33%  [string]:0 < nvim_buf_set_option < set_buf_options < render < nui.lua:281 < xpcall < try < display < router.lua:155
  <- 11%  attach_module < reattach_module < configs.lua:132 < nvim_buf_set_option < tag < _open_win < show < nui.lua:281 < xpcall
 0%  get_diagnostics_count
  <- 50%  check_lsp < text < render < init.lua:24 < @0x0103245d18 < pcall < redraw < redraw < check_redraw
  <- 38%  check_lsp < text < render < init.lua:24
  <- 13%  check_lsp < text < render < init.lua:24 < @0x010325541c < pcall < nvim_command < _open_window < mount
 0%  get_component_size
  <- 50%  ui.lua:485 < get_components < bufferline.lua:81
  <- 25%  ui.lua:485 < get_components < bufferline.lua:81 < nvim_exec2 < cmd < get_range_number < add_highlight < [string]:0
  <- 13%  ui.lua:485 < get_components < bufferline.lua:81 < nvim_exec2 < cmd < redraw <  <  < _editor.lua:0
  <- 13%  get_group_marker < render < bufferline.lua:81 < @0x0103245d18 < pcall < redraw < redraw < check_redraw < router.lua:155
 0%  for_each_tree
  <- 38%  for_each_tree < on_line_impl < highlighter.lua:292
  <- 25%  for_each_tree < on_line_impl < highlighter.lua:292 < @0x0103245d18 < pcall < redraw < redraw < check_redraw < router.lua:155
  <- 13%  on_line_impl < highlighter.lua:292
  <- 13%  for_each_tree < on_line_impl < highlighter.lua:292 < nvim_exec2 < cmd < misc.lua:229
  <- 13%  highlight < highlight < highlight < render < render < render < nui.lua:281 < xpcall < try
 0%  handlers.lua:115
 0%  hl_group
  <- 63%  for_element < ui.lua:485 < get_components < bufferline.lua:81
  <- 38%  for_element < ui.lua:485 < get_components < bufferline.lua:81 < @0x0103245d18 < pcall < redraw < redraw < check_redraw
 0%  get_lsp_client
  <- 86%  lsp_check < check_lsp < text < render < init.lua:24
  <- 14%  lsp_check < check_lsp < text < render < init.lua:24 < nvim_exec2 < cmd < redraw < 
 0%  load
  <- 14%  __index < format < update < handler < init.lua:178 < xpcall < safe_handle < init.lua:74
  <- 14%  __index < init.lua:74
  <- 14%  __index < text < render < init.lua:24 < @0x0103245d18 < pcall < redraw < redraw < check_redraw
  <- 14%  __index < init.lua:74 < nvim_exec2 < cmd < redraw <  <  < _editor.lua:0
  <- 14%  __index < render < render < nui.lua:281 < xpcall < try < display < router.lua:155 < xpcall
  <- 14%  __index < text < render < init.lua:24
  <- 14%  __index < check < health.lua:232 < pcall <  <  < _editor.lua:0
 0%  patch_lines
  <- 100%  get_hunks < update < handlers.lua:115
 0%  render_line
  <- 100%  render < indent.lua:93
 0%  get_node_text
  <- 71%  handler < match_preds < iter < fn < for_each_tree < on_line_impl < highlighter.lua:292
  <- 29%  handler < match_preds < iter < fn < for_each_tree < on_line_impl < highlighter.lua:292 < @0x0103245d18 < pcall
 0%  highlight.lua:34
  <- 100%  pcall < highlight <  <  < _editor.lua:0
 0%  virtual_line_count
  <- 33%  height_to_virtual < height_to_virtual < get_or_create_view < view.lua:234
  <- 33%  height_to_virtual < row_to_barpos < get_or_create_view <  < _editor.lua:0
  <- 17%  height_to_virtual < row_to_barpos < get_or_create_view < view.lua:234
  <- 17%  height_to_virtual < height_to_virtual < get_or_create_view <  < _editor.lua:0
 0%  text
  <- 33%  statuscol.lua:247 < @0x0103245d18 < pcall < redraw < redraw < check_redraw < router.lua:155 < xpcall < try
  <- 17%  render < init.lua:24
  <- 17%  render < init.lua:24 < nvim_exec2 < cmd < misc.lua:229
  <- 17%  statuscol.lua:247
  <- 17%  render < init.lua:24 < @0x010325541c < pcall < nvim_command < _relayout < update_layout < update_layout < nui.lua:281
 0%  split
  <- 83%  (for generator) < collect_group_results < fn < for_each_tree < fn < get_matches < fn < get_active_nodes < get_delim
  <- 17%  get_lang < get_buf_lang < attach_module < reattach_module < configs.lua:132 < nvim_buf_set_option < tag < _open_win < show
 0%  apply_directives
  <- 67%  iter < fn < for_each_tree < on_line_impl < highlighter.lua:292 < @0x0103245d18 < pcall < redraw < redraw
  <- 33%  iter < fn < for_each_tree < on_line_impl < highlighter.lua:292
 0%  on_attach
  <- 50%  force_attach < nvim-autopairs.lua:74 < nvim_buf_set_option < set_buf_options < render < nui.lua:281 < xpcall < try < display
  <- 50%  force_attach < nvim-autopairs.lua:74 < nvim_buf_set_option < tag < _open_win < show < nui.lua:281 < xpcall < try
 0%  custom_entries_view.lua:57
  <- 50%  nvim_exec2 < cmd < misc.lua:229
  <- 17%  @0x0103245d18 < pcall < redraw < redraw < check_redraw < router.lua:155 < xpcall < try < init.lua:74
 0%  tbl_deep_extend
  <- 60%  is_blocking < check_redraw < router.lua:155 < xpcall < call.lua:134 < pcall <  <  < _editor.lua:0
  <- 20%  is_blocking < check_redraw < router.lua:155 < xpcall < try < init.lua:74 < nvim_exec2 < cmd < get_range_number
  <- 20%  format < push < router.lua:155 < xpcall < try < init.lua:74 < nvim_exec2 < cmd < get_range_number
 0%  new
  <- 60%  get_components < bufferline.lua:81
  <- 40%  get_components < bufferline.lua:81 < @0x0103245d18 < pcall < redraw < redraw < check_redraw < router.lua:155 < xpcall
 0%  get_buf_count
  <- 80%  toggle_bufferline < bufferline.lua:252
  <- 20%  toggle_bufferline < bufferline.lua:252 < @0x0103245d18 < pcall < redraw < redraw < check_redraw < router.lua:155 < xpcall
 0%  is_exiting
  <- 60%  init.lua:74 < nvim_exec2 < cmd < misc.lua:229
  <- 20%  init.lua:74
  <- 20%  router.lua:155 < xpcall < call.lua:134 < pcall <  <  < _editor.lua:0
 0%  (for generator)
  <- 100%  fn < for_each_tree < highlight < highlight < highlight < render < render < render < nui.lua:281
 0%  dropbar.lua:41
 0%  is_callable
  <- 50%   < validate < shared.lua:0 < is < get < _get < has < text < render
  <- 25%   < validate < tbl_contains < view.lua:234
  <- 25%   < validate < tbl_contains < can_show_scrollbar < view.lua:234
 0%  list_extend
  <- 50%  fn < for_each_tree < fn < get_matches < fn < get_active_nodes < get_delim < [string]:0
  <- 25%  get_load_fts < _load_lazy_loaded < luasnip.lua:86 < nvim_buf_set_option < set_buf_options < render < nui.lua:281 < xpcall < try
  <- 25%  render < bufferline.lua:81 < @0x0103245d18 < pcall < redraw < redraw < check_redraw < router.lua:155 < xpcall
 0%  is
  <- 75%  get < _get < has < text < render < init.lua:24
  <- 25%  get < _get < has < text < render < init.lua:24 < @0x0103245d18 < pcall < redraw
 0%  update
  <- 25%  open < open < open < core.lua:309
  <- 25%  handlers.lua:115
  <- 25%  handler < init.lua:178 < xpcall < safe_handle < init.lua:74 < nvim_exec2 < cmd < get_range_number < add_highlight
  <- 25%  show < nui.lua:281 < xpcall < try < display < router.lua:155 < xpcall < try < init.lua:74
 0%  get_format
  <- 100%  format < update < handler < init.lua:178 < xpcall < safe_handle < init.lua:74 < nvim_exec2 < cmd
 0%  row_to_barpos
  <- 50%  update < handlers.lua:115
  <- 25%  get_or_create_view <  < _editor.lua:0
  <- 25%  get_or_create_view < view.lua:234
 0%  render_scrollbar
  <- 50%  render <  < _editor.lua:0
  <- 50%  render < view.lua:234
 0%  tbl_contains
  <- 25%  is_valid_win < highlight_win < [string]:0
  <- 25%  on_buf < on_remove < remove < hide <  <  < _editor.lua:0
  <- 25%  on_buf < on_remove < remove < update < handler < init.lua:178 < xpcall < safe_handle < init.lua:74
  <- 25%  is_deprecated < entry.lua:209 < resume < _step <  < _editor.lua:0
 0%  decorator.lua:34
 0%  is_blocking
  <- 100%  check_redraw < router.lua:155 < xpcall < try < init.lua:74 < nvim_exec2 < cmd < get_range_number < add_highlight
 0%  to_tabline_str
  <- 75%  join < tabline < bufferline.lua:81 < @0x0103245d18 < pcall < redraw < redraw < check_redraw < router.lua:155
  <- 25%  join < tabline < bufferline.lua:81
 0%  mode
  <- 67%  init.lua:24
  <- 33%  init.lua:24 < @0x0103245d18 < pcall < redraw < redraw < check_redraw < router.lua:155 < xpcall < try
 0%  rpc.lua:224
 0%  cmd
  <- 67%  scroll_one_line <  < _editor.lua:0
  <- 33%  set_opacity < _advance_win_state < _update_window < init.lua:30 < pcall < _run <  <  < _editor.lua:0
 0%  gsplit
  <- 33%  split < get_lang < get_buf_lang < attach_module < reattach_module < configs.lua:132 < nvim_buf_set_option < set_buf_options < render
  <- 33%  split < get_at_path < get_module < resolve_module < detach_module < reattach_module < configs.lua:132 < nvim_buf_set_option < tag
  <- 33%  split < get_buf_lang < attach_module < reattach_module < configs.lua:132 < nvim_buf_set_option < set_buf_options < render < nui.lua:281
 0%  state.lua:53
  <- 67%  nvim_exec2 < cmd < get_range_number < add_highlight < [string]:0
  <- 33%  @0x0103245d18 < pcall < redraw < redraw < check_redraw < router.lua:155 < xpcall < try < init.lua:74
 0%  inlay_hint.lua:217
  <- 33%  nvim_exec2 < cmd < misc.lua:229
  <- 33%  nvim_exec2 < cmd < get_range_number < add_highlight < [string]:0
 0%  _parse_regions
  <- 33%  parse < highlight < highlight < highlight < render < render < render < nui.lua:281 < xpcall
  <- 33%  parse < parse < highlighter.lua:323 < @0x0103245d18 < pcall < redraw < redraw < check_redraw < router.lua:155
  <- 33%  parse < parse < internal.lua:97 < pcall < fn < get_active_nodes < get_delim < [string]:0
 0%  tbl_isempty
  <- 67%  router.lua:155 < xpcall < try < init.lua:74 < nvim_exec2 < cmd < get_range_number < add_highlight < [string]:0
  <- 33%  render < bufferline.lua:81
 0%  is_equal
  <- 67%  skip < handler < init.lua:178 < xpcall < safe_handle < init.lua:74
  <- 33%  skip < handler < init.lua:178 < xpcall < safe_handle < init.lua:74 < @0x010325541c < pcall < nvim_command
 0%  get_delim
  <- 100%  [string]:0
 0%  action
  <- 67%  icon_comp < text < render < init.lua:24 < @0x0103245d18 < pcall < redraw < redraw < check_redraw
  <- 33%  icon_comp < text < render < init.lua:24 < @0x010325541c < pcall < nvim_command < _relayout < update_layout
 0%  get_rows_indent
  <- 100%  render < indent.lua:93
 0%  matches
  <- 67%  (for generator) < collect_group_results < fn < for_each_tree < fn < get_matches < fn < get_active_nodes < get_delim
  <- 33%  (for generator) < collect_group_results < update_cached_matches < get_matches < get_skips < lang_skip < [string]:0
 0%  apply_win_signs0
  <- 67%  apply_win_signs < manager.lua:550 < @0x0103245d18 < pcall < redraw < redraw < check_redraw < router.lua:155 < xpcall
  <- 33%  apply_win_signs < manager.lua:550
 0%  search.lua:27
  <- 33%  nvim_buf_set_option < tag < _open_win < show < nui.lua:281 < xpcall < try < display < router.lua:155
  <- 33%  nvim_buf_set_option < set_buf_options < render < nui.lua:281 < xpcall < try < display < router.lua:155 < xpcall
 0%  get_highlights
  <- 33%  highlight.lua:159 < nvim_buf_set_option < set_buf_options < render < nui.lua:281 < xpcall < try < display < router.lua:155
  <- 33%  highlight.lua:159 < nvim_buf_set_option < set_buf_options < mount < mount < nui.lua:281 < xpcall < try < display
  <- 33%  highlight.lua:159 < nvim_buf_set_option < tag < _open_win < show < nui.lua:281 < xpcall < try < display
 0%  load_ft_func
  <- 50%  get_load_fts < _load_lazy_loaded < luasnip.lua:86 < nvim_buf_set_option < set_buf_options < render < nui.lua:281 < xpcall < try
  <- 50%  get_load_fts < _load_lazy_loaded < luasnip.lua:94 < nvim_buf_set_option < set_buf_options < render < nui.lua:281 < xpcall < try
 0%  tbl_keys
  <- 50%  get < _get_entries_view < ready < on_change < callback < async.lua:163
  <- 50%  get < callback < get_vim_item < callback < match < get_entries < open < core.lua:309
 0%  size
  <- 100%  push < from < render_line < render < indent.lua:93
 0%  current
  <- 50%  get_sections < tabline < bufferline.lua:81 < @0x010325541c < pcall < nvim_command < _open_window < mount < mount
  <- 50%  get_current_index < bufferline.lua:81 < @0x0103245d18 < pcall < redraw < redraw < check_redraw < router.lua:155 < xpcall
 0%  nvim-autopairs.lua:74
  <- 100%  nvim_buf_set_option < tag < _open_win < show < nui.lua:281 < xpcall < try < display < router.lua:155
 0%  dropbar.lua:72
  <- 50%  nvim_win_set_option < _open_win < show < nui.lua:281 < xpcall < try < display < router.lua:155 < xpcall
  <- 50%  nvim_win_set_option < set_win_options < _open_window < mount < mount < nui.lua:281 < xpcall < try < display
 0%  window.lua:191
  <- 100%  resume < _step <  < _editor.lua:0
 0%  normalize
  <- 100%  equals < get_map < listen < prepare < callback < async.lua:163
 0%  place_signs
  <- 100%  update_callargs < statuscol.lua:247
 0%  write
  <- 100%  write < encode_and_send < request < request < buf_request < code_action_request < code_action_request < signs.lua:70
 0%  update_callargs
  <- 50%  statuscol.lua:247 < @0x0103245d18 < pcall < redraw < redraw < check_redraw < router.lua:155 < xpcall < try
  <- 50%  statuscol.lua:247 < nvim_exec2 < cmd < redraw <  <  < _editor.lua:0
 0%  render_text
  <- 100%  render < init.lua:24 < @0x0103245d18 < pcall < redraw < redraw < check_redraw < router.lua:155 < xpcall
 0%  decorator.lua:40
 0%  included_regions
  <- 50%  _parse_regions < parse < parse < highlighter.lua:323 < @0x0103245d18 < pcall < redraw < redraw < check_redraw
  <- 50%  is_valid < is_valid < parse < highlighter.lua:323 < @0x0103245d18 < pcall < redraw < redraw < check_redraw
 0%  contains
  <- 100%  add < apply_win_signs0 < apply_win_signs < manager.lua:550 < @0x0103245d18 < pcall < redraw < redraw < check_redraw
 0%  spacing
  <- 100%  ui.lua:485 < get_components < bufferline.lua:81
 0%  view.lua:102
  <- 100%  sort < open < core.lua:309
 0%  finished
  <- 50%  step < execute < render < render < render <  < _editor.lua:0
  <- 50%  step < execute < render < render < render < view.lua:234
 0%  get_unloaded_rtp
  <- 100%  find_root < lsmod < reloader.lua:38
 0%  buf_get_var
  <- 50%  is_git < text < render < init.lua:24 < nvim_exec2 < cmd < misc.lua:229
  <- 50%  is_git < text < render < init.lua:24
 0%  oneline
  <- 100%  callback < get_vim_item < callback < match < get_entries < open < core.lua:309
 0%  defer_fn
  <- 100%   <  < _editor.lua:0
 0%  get_winheight
  <- 100%  height_to_virtual < row_to_barpos < update < handlers.lua:115
 0%  ls
  <- 100%  lsmod < reloader.lua:38
 0%  tbl_get
  <- 100%  extend_highlight < to_tabline_str < join < tabline < bufferline.lua:81
 0%  width
  <- 50%  width < align < display < router.lua:155 < xpcall < try < init.lua:74 < nvim_exec2 < cmd
  <- 50%  width < width < get_layout < update_options < check_options < display < router.lua:155 < xpcall < try
 0%  on_line_impl
  <- 50%  highlighter.lua:292
  <- 50%  highlighter.lua:292 < @0x010325541c < pcall < nvim_command < _relayout < update_layout < update_layout < nui.lua:281 < xpcall
 0%  call.lua:138
  <- 100%  xpcall < safe_handle < init.lua:74
 0%  render.lua:301
 0%  filter_invisible
  <- 50%  bufferline.lua:81 < nvim_exec2 < cmd < get_range_number < add_highlight < [string]:0
  <- 50%  bufferline.lua:81
 0%  ui.lua:485
  <- 50%  get_components < bufferline.lua:81 < @0x0103245d18 < pcall < redraw < redraw < check_redraw < router.lua:155 < xpcall
  <- 50%  get_components < bufferline.lua:81
 0%  unpack4
  <- 50%  fn < for_each_tree < on_line_impl < highlighter.lua:292
  <- 50%  add_bytes < set_included_regions < highlight < highlight < highlight < render < render < render < nui.lua:281
 0%  is_alpha
  <- 50%  match < fuzzy < match < callback < match < get_entries < open < core.lua:309
  <- 50%  is_alnum < is_symbol < is_semantic_index < callback < get_offset <  < _editor.lua:0
 0%  nvim-autopairs.lua:224
  <- 50%  sort < on_attach < force_attach < nvim-autopairs.lua:74 < nvim_buf_set_option < set_buf_options < render < nui.lua:281 < xpcall
  <- 50%  sort < on_attach < force_attach < nvim-autopairs.lua:74 < nvim_buf_set_option < tag < _open_win < show < nui.lua:281
 0%  from
  <- 100%  render_line < render < indent.lua:93
 0%  tbl_map
  <- 50%  content < filter.lua:92 < is < router.lua:155 < xpcall < try < init.lua:74 < nvim_exec2 < cmd
  <- 50%  get < get_format < format < update < handler < init.lua:178 < xpcall < safe_handle < init.lua:74
 0%  mark
  <- 50%  get_components < bufferline.lua:81 < @0x0103245d18 < pcall < redraw < redraw < check_redraw < router.lua:155 < xpcall
  <- 50%  get_components < bufferline.lua:81
 0%  is_in_node_range
  <- 100%  get_delim < [string]:0
 0%  computeFoldedLnums
  <- 100%  winCall < decorator.lua:65
 0%  get_highlight_name
  <- 100%  get_icon < get_icon < action < icon_comp < text < render < init.lua:24 < @0x0103245d18 < pcall
 0%  append
  <- 50%  format < update < handler < init.lua:178 < xpcall < safe_handle < init.lua:74 < nvim_exec2 < cmd
  <- 50%  append < format < push < router.lua:155 < xpcall < try < init.lua:74 < nvim_exec2 < cmd
 0%  get_components
  <- 100%  bufferline.lua:81
 0%  entry.lua:209
  <- 100%  resume < _step <  < _editor.lua:0
 0%  map
  <- 100%  render < bufferline.lua:81 < @0x0103245d18 < pcall < redraw < redraw < check_redraw < router.lua:155 < xpcall
 0%  hacks.lua:62
 0%  cmdline.lua:95
  <- 100%  sort < get_format < format < update < handler < init.lua:178 < xpcall < safe_handle < init.lua:74
 0%  get_target_windows
  <- 100%  view.lua:234
 0%  on_buf
  <- 100%  on_remove < remove < hide <  <  < _editor.lua:0
 0%  equals
  <- 100%  get_map < listen < prepare < callback < async.lua:163
 0%  create_buf
  <- 100%  get_bufs < open < open < f < treesitter-context.lua:21
 0%  get_skips
  <- 100%  lang_skip < [string]:0
 0%  get_buf_lang
  <- 100%  attach_module < reattach_module < configs.lua:132 < nvim_buf_set_option < tag < tag < nui.lua:281 < xpcall < try
 0%  render_current_line
  <- 100%  init.lua:47
 0%  bufferline.lua:81
  <- 100%  @0x0103245d18 < pcall < redraw < redraw < check_redraw < router.lua:155 < xpcall < try < init.lua:74
 0%  get_next_semantic_index
  <- 100%  match < callback < match < get_entries < open < core.lua:309
 0%  get_files
  <- 100%  fn < _memoize.lua:51 < pcall < get_context_query < get_context < treesitter-context.lua:92
 0%  change_end
  <- 100%  calc_signs < apply_win_signs0 < apply_win_signs < manager.lua:550
 0%  extend_highlight
  <- 100%  to_tabline_str < join < tabline < bufferline.lua:81
 0%  merge_lists
  <- 100%  tabline < bufferline.lua:81 < @0x0103245d18 < pcall < redraw < redraw < check_redraw < router.lua:155 < xpcall
 0%  cleanup
  <- 100%  [string]:0
 0%  lsmod
  <- 100%  reloader.lua:38
 0%  winCall
  <- 100%  decorator.lua:65
 0%  _advance_win_state
  <- 100%  _update_window < init.lua:30 < pcall < _run <  <  < _editor.lua:0
 0%  get_id
  <- 100%  extend_highlight < to_tabline_str < join < tabline < bufferline.lua:81
 0%  yield
  <- 100%  get_entries < open < core.lua:309
 0%  convert
  <- 100%  get_symbols <  <  < _editor.lua:0
 0%  event_control
  <- 100%  (for generator) < update < handlers.lua:115
 0%  intercepts_region
  <- 100%  _parse_regions < parse < parse < highlighter.lua:323
 0%  longest_prefix
  <- 100%  loop_parse_fn < parse_lines < highlight < rehighlight_buffer < colorizer.lua:417
 0%  apply_mark
  <- 100%  handlers.lua:115
 0%  running
  <- 100%   <  < _editor.lua:0
 0%  detach_module
  <- 100%  reattach_module < configs.lua:132 < nvim_buf_set_option < set_buf_options < render < nui.lua:281 < xpcall < try < display
 0%  create
  <- 100%  execute < render < render < render <  < _editor.lua:0
 0%  max_width
  <- 100%  _get_dimensions < _get_win_goals < _update_window < init.lua:30 < pcall < _run <  <  < _editor.lua:0
 0%  key
  <- 100%  set < get_completion_item < callback < get_offset <  < _editor.lua:0
 0%  close
  <- 100%  close < f < treesitter-context.lua:21
 0%  t
  <- 100%  normalize < equals < get_map < listen < prepare < callback < async.lua:163
 0%  decorator.lua:60
 0%  is_tabline
  <- 100%  toggle_bufferline < bufferline.lua:252
 0%  luasnip.lua:102
  <- 100%  nvim_buf_set_option < set_buf_options < render < nui.lua:281 < xpcall < try < display < router.lua:155 < xpcall
 0%  tab_click_handler
  <- 100%  ui.lua:485 < get_components < bufferline.lua:81 < @0x0103245d18 < pcall < redraw < redraw < check_redraw < router.lua:155
 0%  cmdline.lua:216
 0%  merge
  <- 100%  parse_buffer_options < attach_to_buffer < COLORIZER_SETUP_HOOK < colorizer.lua:560 < nvim_buf_set_option < tag < _open_win < show < nui.lua:281
 0%  redraw
  <- 100%  highlight.lua:264 < nvim_win_call < highlight_win < [string]:0
 0%  offset
  <- 100%  callback < get_offset < complete < complete < autoindent < on_change < callback < async.lua:163
 0%  get_source_config
  <- 100%  get_source_config < get_entries < open < core.lua:309
 0%  manager.lua:550
 0%  reloader.lua:38
 0%  tbl_count
  <- 100%  tbl_islist < copy < get_keyword_pattern < complete < callback <  < _editor.lua:0
 0%  set_buf_options
  <- 100%  render < nui.lua:281 < xpcall < try < display < router.lua:155 < xpcall < try < init.lua:74
 0%  get_icon
  <- 100%  get_icon < action < icon_comp < text < render < init.lua:24 < @0x0103245d18 < pcall < redraw
 0%  tcall
  <- 100%  _parse_regions < parse < highlight < highlight < highlight < render < render < render < nui.lua:281
 0%  get_statusline
  <- 100%  init.lua:110 < @0x0103245d18 < pcall < redraw < redraw < check_redraw < router.lua:155 < xpcall < try
 0%  tag
  <- 100%  _open_win < show < nui.lua:281 < xpcall < try < display < router.lua:155 < xpcall < try
 0%  on_result
  <- 100%  handler <  < _editor.lua:0
 0%  iter_captures
  <- 100%  fn < for_each_tree < for_each_tree < on_line_impl < highlighter.lua:292
 0%  win_buf_height
  <- 100%  update < show < nui.lua:281 < xpcall < try < display < router.lua:155 < xpcall < try
 0%  highlight
  <- 100%  render < render < render < nui.lua:281 < xpcall < try < display < router.lua:155 < xpcall
 0%  component
  <- 100%  ui.lua:485 < get_components < bufferline.lua:81
 0%  wildmenu_entries_view.lua:51
 0%  parse_lines
  <- 100%  highlight < rehighlight_buffer < colorizer.lua:417
 0%  toggle_bufferline
  <- 100%  bufferline.lua:252 < @0x0103245d18 < pcall < redraw < redraw < check_redraw < router.lua:155 < xpcall < try
 0%  add
  <- 100%  add_all_diags < get < update < handlers.lua:115
 0%  cat
  <- 100%  cat < redraw <  <  < _editor.lua:0
 0%  lineIsClosed
  <- 100%  computeFoldedLnums < winCall < decorator.lua:65 < @0x0103245d18 < pcall < redraw < redraw < check_redraw < router.lua:155
 0%  unmount
  <- 100%  unmount < nui.lua:193 < xpcall < call.lua:134 < hide < display < router.lua:155 < xpcall < try
 0%  highlight.lua:159
  <- 100%  nvim_buf_set_option < set_buf_options < render < nui.lua:281 < xpcall < try < display < router.lua:155 < xpcall
 0%  validate
  <- 100%  get_lsp_client < lsp_check < check_lsp < text < render < init.lua:24 < @0x0103245d18 < pcall < redraw
 0%  is_list
  <- 100%  get_component_size < ui.lua:485 < get_components < bufferline.lua:81
 0%  exec
  <- 100%  complete < complete < complete < autoindent < on_change < callback < async.lua:163
 0%  add_all_diags
  <- 100%  get < get_line_diagnostics < code_action_request < signs.lua:70
 0%  check
  <- 100%  health.lua:232 < pcall <  <  < _editor.lua:0
 0%  uri_from_bufnr
  <- 100%  make_text_document_params < make_range_params < code_action_request < signs.lua:70
 0%  ghost_text_view.lua:29
 0%  promise.lua:119
 0%  treesitter-context.lua:92
 0%  async.lua:68
  <- 100%  nvim_buf_set_option < set_buf_options < mount < mount < nui.lua:281 < xpcall < try < display < router.lua:155
 0%  get_completion_item
  <- 100%  callback < get_word < callback < get_offset <  < _editor.lua:0
 0%  parse
  <- 100%  highlighter.lua:323
 0%  set
  <- 100%  bufferline.lua:81 < @0x0103245d18 < pcall < redraw < redraw < check_redraw < router.lua:155 < xpcall < try
 0%  trim
  <- 100%  callback < get_filter_text < callback < match < get_entries < open < core.lua:309
 0%  dropbar.lua:133
  <- 100%  pcall < _editor.lua:0
 0%  get_sources
  <- 100%  core.lua:309
 0%  normalize_padding
  <- 100%  normalize < get_layout < get_layout < update_layout < nui.lua:281 < xpcall < try < display < router.lua:155
 0%  get_word
  <- 100%  callback < get_offset <  < _editor.lua:0
 0%  is_directive
  <- 100%  match_preds < iter < fn < for_each_tree < on_line_impl < highlighter.lua:292 < @0x0103245d18 < pcall < redraw
 0%  putValue
  <- 100%  inspect < complete < complete < autoindent < on_change < callback < async.lua:163
 0%  get_vim_item
  <- 100%  get_view < custom_entries_view.lua:57 < nvim_exec2 < cmd < misc.lua:229
 0%  tbl_isarray
  <- 100%   < tbl_deep_extend < format < push < router.lua:155 < xpcall < try < init.lua:74 < nvim_exec2
 0%  is_git
  <- 100%  text < render < init.lua:24
